[11:12:06.469] [INFO] Storybook upgrade - v10.1.10
[11:12:06.470] [INFO] detect-projects-spinner-start: Detecting projects...
[11:12:06.471] [DEBUG] Finding Storybook projects...
[11:12:06.542] [DEBUG] Found 1 Storybook projects
[11:12:06.543] [INFO] detect-projects-spinner: Detecting projects: 1 projects
[11:12:06.543] [DEBUG] Getting Storybook data...
[11:12:06.543] [DEBUG] Getting Storybook info...
[11:12:06.660] [DEBUG] Loading main config...
[11:12:06.660] [DEBUG] Getting stories paths...
[11:12:06.673] [DEBUG] Getting package manager...
[11:12:06.940] [DEBUG] Getting package.json info for /Users/N.Haberkamp/Code/meteor/packages/component-library/package.json...
[11:12:06.940] [DEBUG] Getting Storybook version...
[11:12:06.941] [DEBUG] /packages/component-library/.storybook - Validating before version... 8.6.12
[11:12:06.941] [DEBUG] /packages/component-library/.storybook - Validating upgrade compatibility...
[11:12:06.941] [DEBUG] /packages/component-library/.storybook - Fetching NPM version information...
[11:12:06.941] [DEBUG] Getting CLI versions from NPM for storybook...
[11:12:06.941] [DEBUG] Executing command: pnpm info storybook version
[11:12:06.944] [DEBUG] Getting CLI versions from NPM for storybook@next...
[11:12:06.944] [DEBUG] Executing command: pnpm info storybook@next version
[11:12:07.570] [DEBUG] /packages/component-library/.storybook - Evaluating blockers...
[11:12:07.582] [DEBUG] Getting installed version for @storybook/experimental-addon-test...
[11:12:07.582] [DEBUG] Executing command: pnpm list "@storybook/experimental-addon-test" --json --depth=99
[11:12:07.736] [INFO] detect-projects-spinner-stop: 1 project detected
[11:12:07.737] [DEBUG] Found 1 valid projects and 0 error projects
[11:12:07.737] [INFO] Upgrading from [1m8.6.12[22m to [1m10.1.10[22m
[11:12:07.737] [INFO] upgrade-dependencies-task-start: Fetching versions to update package.json files..
[11:12:07.737] [DEBUG] Updating dependencies in /packages/component-library/.storybook...
[11:12:07.737] [INFO] upgrade-dependencies-task: /packages/component-library/package.json
/package.json
[11:12:07.737] [DEBUG] Using cached package.json for /Users/N.Haberkamp/Code/meteor/packages/component-library/package.json...
[11:12:07.737] [DEBUG] Getting CLI versions from NPM for @storybook/test-runner...
[11:12:07.737] [DEBUG] Executing command: pnpm info @storybook/test-runner version
[11:12:08.476] [DEBUG] {
  "upgradedDependencies": []
}
[11:12:08.476] [DEBUG] {
  "upgradedDevDependencies": [
    "@storybook/addon-a11y@^10.1.10",
    "@storybook/addon-links@^10.1.10",
    "@storybook/vue3@^10.1.10",
    "@storybook/vue3-vite@^10.1.10",
    "eslint-plugin-storybook@^10.1.10",
    "storybook@^10.1.10",
    "@storybook/test-runner@^0.24.2"
  ]
}
[11:12:08.476] [DEBUG] {
  "upgradedPeerDependencies": []
}
[11:12:08.476] [DEBUG] Getting package.json info for /Users/N.Haberkamp/Code/meteor/packages/component-library/package.json...
[11:12:08.476] [DEBUG] Using cached package.json for /Users/N.Haberkamp/Code/meteor/packages/component-library/package.json...
[11:12:08.476] [DEBUG] Getting package.json info for /Users/N.Haberkamp/Code/meteor/packages/component-library/package.json...
[11:12:08.476] [DEBUG] Using cached package.json for /Users/N.Haberkamp/Code/meteor/packages/component-library/package.json...
[11:12:08.476] [DEBUG] Getting CLI versions from NPM for @storybook/addon-a11y...
[11:12:08.476] [DEBUG] Executing command: pnpm info @storybook/addon-a11y version
[11:12:09.081] [DEBUG] Getting CLI versions from NPM for @storybook/addon-links...
[11:12:09.081] [DEBUG] Executing command: pnpm info @storybook/addon-links version
[11:12:09.815] [DEBUG] Getting CLI versions from NPM for @storybook/vue3...
[11:12:09.815] [DEBUG] Executing command: pnpm info @storybook/vue3 version
[11:12:10.425] [DEBUG] Getting CLI versions from NPM for @storybook/vue3-vite...
[11:12:10.425] [DEBUG] Executing command: pnpm info @storybook/vue3-vite version
[11:12:11.014] [DEBUG] Getting CLI versions from NPM for eslint-plugin-storybook...
[11:12:11.014] [DEBUG] Executing command: pnpm info eslint-plugin-storybook version
[11:12:11.516] [DEBUG] Using cached version for storybook...
[11:12:11.516] [DEBUG] Using cached version for @storybook/test-runner...
[11:12:11.516] [DEBUG] Getting package.json info for /Users/N.Haberkamp/Code/meteor/packages/component-library/package.json...
[11:12:11.516] [DEBUG] Using cached package.json for /Users/N.Haberkamp/Code/meteor/packages/component-library/package.json...
[11:12:11.525] [DEBUG] Using cached package.json for /Users/N.Haberkamp/Code/meteor/package.json...
[11:12:11.525] [DEBUG] {
  "upgradedDependencies": []
}
[11:12:11.525] [DEBUG] {
  "upgradedDevDependencies": []
}
[11:12:11.525] [DEBUG] {
  "upgradedPeerDependencies": []
}
[11:12:11.525] [DEBUG] Getting package.json info for /Users/N.Haberkamp/Code/meteor/package.json...
[11:12:11.525] [DEBUG] Using cached package.json for /Users/N.Haberkamp/Code/meteor/package.json...
[11:12:11.525] [DEBUG] Getting package.json info for /Users/N.Haberkamp/Code/meteor/package.json...
[11:12:11.525] [DEBUG] Using cached package.json for /Users/N.Haberkamp/Code/meteor/package.json...
[11:12:11.529] [DEBUG] Getting package.json info for /Users/N.Haberkamp/Code/meteor/package.json...
[11:12:11.529] [DEBUG] Using cached package.json for /Users/N.Haberkamp/Code/meteor/package.json...
[11:12:11.530] [INFO] upgrade-dependencies-task-success: Updated package versions in package.json files
[11:12:11.530] [INFO] detect-automigrations-task-start: Detecting automigrations...
[11:12:11.530] [DEBUG] Starting automigration collection across 1 projects and 19 fixes...
[11:12:11.530] [INFO] detect-automigrations-task: Checking automigrations for /packages/component-library/.storybook...
[11:12:11.530] [DEBUG] Processing project: /packages/component-library/.storybook
[11:12:11.530] [DEBUG] Checking fix eslintPlugin for project /packages/component-library/.storybook...
[11:12:11.530] [DEBUG] Using cached package.json for /Users/N.Haberkamp/Code/meteor/packages/component-library/package.json...
[11:12:11.530] [DEBUG] Using cached package.json for /Users/N.Haberkamp/Code/meteor/package.json...
[11:12:11.530] [DEBUG] Using cached package.json for /Users/N.Haberkamp/Code/meteor/packages/component-library/package.json...
[11:12:11.531] [DEBUG] Checking fix addon-mdx-gfm-remove for project /packages/component-library/.storybook...
[11:12:11.531] [DEBUG] Using cached package.json for /Users/N.Haberkamp/Code/meteor/packages/component-library/package.json...
[11:12:11.531] [DEBUG] Using cached package.json for /Users/N.Haberkamp/Code/meteor/package.json...
[11:12:11.531] [DEBUG] Checking fix addon-storysource-code-panel for project /packages/component-library/.storybook...
[11:12:11.531] [DEBUG] Checking fix upgrade-storybook-related-dependencies for project /packages/component-library/.storybook...
[11:12:11.531] [DEBUG] Checking for incompatible storybook packages...
[11:12:11.531] [DEBUG] Using cached package.json for /Users/N.Haberkamp/Code/meteor/packages/component-library/package.json...
[11:12:11.531] [DEBUG] Using cached package.json for /Users/N.Haberkamp/Code/meteor/package.json...
[11:12:11.534] [DEBUG] Using cached package.json for /Users/N.Haberkamp/Code/meteor/packages/component-library/package.json...
[11:12:11.535] [DEBUG] Using cached package.json for /Users/N.Haberkamp/Code/meteor/package.json...
[11:12:11.535] [DEBUG] Getting installed version for @storybook/addon-essentials...
[11:12:11.535] [DEBUG] Executing command: pnpm list "@storybook/addon-essentials" --json --depth=99
[11:12:11.538] [DEBUG] Getting installed version for @storybook/addon-interactions...
[11:12:11.538] [DEBUG] Executing command: pnpm list "@storybook/addon-interactions" --json --depth=99
[11:12:11.541] [DEBUG] Getting installed version for @storybook/blocks...
[11:12:11.541] [DEBUG] Executing command: pnpm list "@storybook/blocks" --json --depth=99
[11:12:11.544] [DEBUG] Getting installed version for @storybook/manager-api...
[11:12:11.544] [DEBUG] Executing command: pnpm list "@storybook/manager-api" --json --depth=99
[11:12:11.547] [DEBUG] Getting installed version for @storybook/preview-api...
[11:12:11.547] [DEBUG] Executing command: pnpm list "@storybook/preview-api" --json --depth=99
[11:12:11.550] [DEBUG] Getting installed version for @storybook/test...
[11:12:11.550] [DEBUG] Executing command: pnpm list "@storybook/test" --json --depth=99
[11:12:11.556] [DEBUG] Getting installed version for @storybook/theming...
[11:12:11.556] [DEBUG] Executing command: pnpm list "@storybook/theming" --json --depth=99
[11:12:11.562] [DEBUG] Getting installed version for @storybook/types...
[11:12:11.562] [DEBUG] Executing command: pnpm list "@storybook/types" --json --depth=99
[11:12:11.565] [DEBUG] Getting installed version for storybook-dark-mode...
[11:12:11.565] [DEBUG] Executing command: pnpm list "storybook-dark-mode" --json --depth=99
[11:12:11.726] [DEBUG] Getting CLI versions from NPM for @storybook/addon-essentials...
[11:12:11.727] [DEBUG] Executing command: pnpm info @storybook/addon-essentials version
[11:12:11.735] [DEBUG] Getting CLI versions from NPM for @storybook/addon-interactions...
[11:12:11.735] [DEBUG] Executing command: pnpm info @storybook/addon-interactions version
[11:12:11.738] [DEBUG] Getting CLI versions from NPM for @storybook/manager-api...
[11:12:11.738] [DEBUG] Executing command: pnpm info @storybook/manager-api version
[11:12:11.745] [DEBUG] Getting CLI versions from NPM for @storybook/theming...
[11:12:11.745] [DEBUG] Executing command: pnpm info @storybook/theming version
[11:12:11.747] [DEBUG] Getting CLI versions from NPM for @storybook/types...
[11:12:11.747] [DEBUG] Executing command: pnpm info @storybook/types version
[11:12:11.749] [DEBUG] Getting CLI versions from NPM for @storybook/preview-api...
[11:12:11.749] [DEBUG] Executing command: pnpm info @storybook/preview-api version
[11:12:11.773] [DEBUG] Getting CLI versions from NPM for storybook-dark-mode...
[11:12:11.773] [DEBUG] Executing command: pnpm info storybook-dark-mode version
[11:12:11.780] [DEBUG] Getting CLI versions from NPM for @storybook/blocks...
[11:12:11.780] [DEBUG] Executing command: pnpm info @storybook/blocks version
[11:12:11.782] [DEBUG] Getting CLI versions from NPM for @storybook/test...
[11:12:11.782] [DEBUG] Executing command: pnpm info @storybook/test version
[11:12:12.796] [DEBUG] Checking fix initial-globals for project /packages/component-library/.storybook...
[11:12:12.807] [DEBUG] Checking fix addon-globals-api for project /packages/component-library/.storybook...
[11:12:12.810] [DEBUG] Checking fix addon-a11y-addon-test for project /packages/component-library/.storybook...
[11:12:12.810] [DEBUG] Checking fix consolidated-imports for project /packages/component-library/.storybook...
[11:12:12.810] [DEBUG] Checking fix addon-experimental-test for project /packages/component-library/.storybook...
[11:12:12.810] [DEBUG] Using cached installed version for @storybook/experimental-addon-test...
[11:12:12.810] [DEBUG] Checking fix rnstorybook-config for project /packages/component-library/.storybook...
[11:12:12.810] [DEBUG] Using cached package.json for /Users/N.Haberkamp/Code/meteor/packages/component-library/package.json...
[11:12:12.810] [DEBUG] Using cached package.json for /Users/N.Haberkamp/Code/meteor/package.json...
[11:12:12.810] [DEBUG] Checking fix migrate-addon-console for project /packages/component-library/.storybook...
[11:12:12.811] [DEBUG] Using cached package.json for /Users/N.Haberkamp/Code/meteor/packages/component-library/package.json...
[11:12:12.811] [DEBUG] Using cached package.json for /Users/N.Haberkamp/Code/meteor/package.json...
[11:12:12.811] [DEBUG] Checking fix nextjs-to-nextjs-vite for project /packages/component-library/.storybook...
[11:12:12.811] [DEBUG] Using cached package.json for /Users/N.Haberkamp/Code/meteor/packages/component-library/package.json...
[11:12:12.811] [DEBUG] Using cached package.json for /Users/N.Haberkamp/Code/meteor/package.json...
[11:12:12.811] [DEBUG] Checking fix remove-addon-interactions for project /packages/component-library/.storybook...
[11:12:12.811] [DEBUG] Using cached package.json for /Users/N.Haberkamp/Code/meteor/packages/component-library/package.json...
[11:12:12.811] [DEBUG] Using cached package.json for /Users/N.Haberkamp/Code/meteor/package.json...
[11:12:12.811] [DEBUG] Checking fix renderer-to-framework for project /packages/component-library/.storybook...
[11:12:12.811] [DEBUG] Checking fix remove-essential-addons for project /packages/component-library/.storybook...
[11:12:12.811] [DEBUG] Using cached package.json for /Users/N.Haberkamp/Code/meteor/packages/component-library/package.json...
[11:12:12.811] [DEBUG] Using cached package.json for /Users/N.Haberkamp/Code/meteor/package.json...
[11:12:12.811] [DEBUG] Checking fix addon-a11y-parameters for project /packages/component-library/.storybook...
[11:12:12.816] [DEBUG] Checking fix remove-docs-autodocs for project /packages/component-library/.storybook...
[11:12:12.818] [DEBUG] Checking fix wrap-getAbsolutePath for project /packages/component-library/.storybook...
[11:12:12.819] [DEBUG] Checking fix fix-faux-esm-require for project /packages/component-library/.storybook...
[11:12:12.820] [INFO] detect-automigrations-task: 
Automigrations detected:
[11:12:12.820] [INFO] detect-automigrations-task: [32m[32m✔[32m addon-globals-api[39m
[11:12:12.820] [INFO] detect-automigrations-task: [32m[32m✔[32m consolidated-imports[39m
[11:12:12.821] [INFO] detect-automigrations-task: [32m[32m✔[32m remove-addon-interactions[39m
[11:12:12.821] [INFO] detect-automigrations-task: [32m[32m✔[32m renderer-to-framework[39m
[11:12:12.821] [INFO] detect-automigrations-task: [32m[32m✔[32m remove-essential-addons[39m
[11:12:12.821] [INFO] detect-automigrations-task: [32m[32m✔[32m wrap-getAbsolutePath[39m
[11:12:12.821] [INFO] detect-automigrations-task: [32m[32m✔[32m fix-faux-esm-require[39m
[11:12:12.821] [INFO] detect-automigrations-task-success: 7 automigration(s) detected
[11:12:30.409] [PROMPT] Select automigrations to run {"choice":["addon-globals-api","consolidated-imports","remove-addon-interactions","renderer-to-framework","remove-essential-addons","wrap-getAbsolutePath","fix-faux-esm-require"]}
[11:12:30.409] [INFO] automigrate-/packages/component-library/.storybook-task-start: Running automigrations for /packages/component-library/.storybook
[11:12:30.675] [INFO] automigrate-/packages/component-library/.storybook-task: [32m[32m✔[32m addon-globals-api[39m
[11:12:30.699] [INFO] automigrate-/packages/component-library/.storybook-task: [32m[32m✔[32m consolidated-imports[39m
[11:12:30.700] [DEBUG] Uninstalling @storybook/addon-interactions
[11:12:30.700] [DEBUG] Using cached package.json for /Users/N.Haberkamp/Code/meteor/packages/component-library/package.json...
[11:12:30.702] [DEBUG] Removing '@storybook/addon-interactions' from main.js addons field.
[11:12:30.703] [INFO] automigrate-/packages/component-library/.storybook-task: [32m[32m✔[32m remove-addon-interactions[39m
[11:12:30.703] [DEBUG] 
Migrating @storybook/vue3 to @storybook/vue3-vite
[11:12:30.841] [DEBUG] Updating package.json files...
[11:12:30.842] [INFO] automigrate-/packages/component-library/.storybook-task: [32m[32m✔[32m renderer-to-framework[39m
[11:12:30.842] [DEBUG] Uninstalling @storybook/addon-essentials
[11:12:30.842] [DEBUG] Using cached package.json for /Users/N.Haberkamp/Code/meteor/packages/component-library/package.json...
[11:12:30.845] [DEBUG] Removing '@storybook/addon-essentials' from main.js addons field.
[11:12:30.851] [DEBUG] Getting Storybook info...
[11:12:30.854] [DEBUG] Loading main config...
[11:12:30.854] [DEBUG] Getting stories paths...
[11:12:30.854] [DEBUG] Getting package manager...
[11:12:30.894] [DEBUG] Getting package.json info for /Users/N.Haberkamp/Code/meteor/packages/component-library/package.json...
[11:12:30.894] [DEBUG] Getting Storybook version...
[11:12:30.895] [INFO] Verifying @storybook/addon-docs
[11:12:30.895] [DEBUG] Getting dependency version for storybook...
[11:12:30.895] [DEBUG] Using cached package.json for /Users/N.Haberkamp/Code/meteor/packages/component-library/package.json...
[11:12:30.895] [DEBUG] Using cached package.json for /Users/N.Haberkamp/Code/meteor/package.json...
[11:12:30.895] [INFO] Installing @storybook/addon-docs@^10.1.10
[11:12:30.895] [DEBUG] Using cached package.json for /Users/N.Haberkamp/Code/meteor/packages/component-library/package.json...
[11:12:30.895] [DEBUG] Getting CLI versions from NPM for @storybook/addon-docs...
[11:12:30.895] [DEBUG] Executing command: pnpm info @storybook/addon-docs version
[11:12:31.614] [INFO] Adding '@storybook/addon-docs' to the "addons" field in /Users/N.Haberkamp/Code/meteor/packages/component-library/.storybook/main.ts
[11:12:31.624] [INFO] automigrate-/packages/component-library/.storybook-task: [32m[32m✔[32m remove-essential-addons[39m
[11:12:31.628] [INFO] automigrate-/packages/component-library/.storybook-task: [32m[32m✔[32m wrap-getAbsolutePath[39m
[11:12:31.637] [INFO] automigrate-/packages/component-library/.storybook-task: [32m[32m✔[32m fix-faux-esm-require[39m
[11:12:31.637] [INFO] automigrate-/packages/component-library/.storybook-task-success: Completed automigrations for /packages/component-library/.storybook
[11:12:31.637] [INFO] Installing dependencies...
[11:12:31.637] [INFO] install-dependencies-spinner-start: Installing dependencies...
[11:12:31.638] [DEBUG] Executing command: pnpm install
[11:12:31.802] [INFO] Installing dependencies...: Scope: all 11 workspace projects

[11:12:31.802] [INFO] install-dependencies-spinner: Installing dependencies...: Scope: all 11 workspace p
[11:12:32.078] [INFO] Installing dependencies...: ../..                                    | Progress: resolved 1, reused 0, downloaded 0, added 0

[11:12:32.078] [INFO] install-dependencies-spinner: Installing dependencies...: ../..                    
[11:12:32.293] [INFO] Installing dependencies...: ../../examples/admin-sdk-app             |  WARN  deprecated shopware-app-server-sdk@0.0.15

[11:12:32.293] [INFO] install-dependencies-spinner: Installing dependencies...: ../../examples/admin-sdk-
[11:12:32.965] [INFO] Installing dependencies...: ../icon-kit                              |  WARN  deprecated @types/axios@0.14.0

[11:12:32.965] [INFO] install-dependencies-spinner: Installing dependencies...: ../icon-kit              
[11:12:33.017] [INFO] Installing dependencies...: ../admin-sdk                             |  WARN  deprecated eslint@8.57.0

[11:12:33.017] [INFO] install-dependencies-spinner: Installing dependencies...: ../admin-sdk             
[11:12:33.065] [INFO] Installing dependencies...: ../admin-sdk                             |  WARN  deprecated vue@2.7.16

[11:12:33.065] [INFO] install-dependencies-spinner: Installing dependencies...: ../admin-sdk             
[11:12:33.080] [INFO] Installing dependencies...: ../..                                    | Progress: resolved 146, reused 0, downloaded 0, added 0

[11:12:33.080] [INFO] install-dependencies-spinner: Installing dependencies...: ../..                    
[11:12:34.082] [INFO] Installing dependencies...: ../..                                    | Progress: resolved 675, reused 0, downloaded 0, added 0

[11:12:34.082] [INFO] install-dependencies-spinner: Installing dependencies...: ../..                    
[11:12:35.084] [INFO] Installing dependencies...: ../..                                    | Progress: resolved 1488, reused 0, downloaded 0, added 0

[11:12:35.084] [INFO] install-dependencies-spinner: Installing dependencies...: ../..                    
[11:12:36.083] [INFO] Installing dependencies...: ../..                                    | Progress: resolved 2228, reused 0, downloaded 0, added 0

[11:12:36.083] [INFO] install-dependencies-spinner: Installing dependencies...: ../..                    
[11:12:37.084] [INFO] Installing dependencies...: ../..                                    | Progress: resolved 2621, reused 0, downloaded 0, added 0

[11:12:37.084] [INFO] install-dependencies-spinner: Installing dependencies...: ../..                    
[11:12:37.851] [INFO] Installing dependencies...:  WARN  20 deprecated subdependencies found: @humanwhocodes/config-array@0.11.14, @humanwhocodes/object-schema@2.0.3, abab@2.0.6, are-we-there-yet@2.0.0, domexception@2.0.1, expect-playwright@0.8.0, flatten@1.0.3, gauge@3.0.2, glob@7.2.3, glob@8.1.0, has-own@1.0.1, inflight@1.0.6, jest-process-manager@0.4.0, npmlog@5.0.1, phin@2.9.3, puppeteer@12.0.1, rimraf@2.7.1, rimraf@3.0.2, stable@0.1.8, w3c-hr-time@1.0.2

[11:12:37.851] [INFO] install-dependencies-spinner: Installing dependencies...: WARN  20 deprecated subde
[11:12:37.927] [INFO] Installing dependencies...:  WARN  Issues with peer dependencies found
examples/admin-sdk-plugin/tests/acceptance
└─┬ typescript-eslint 8.24.1
  ├── ✕ unmet peer typescript@">=4.8.4 <5.8.0": found 5.9.3
  ├─┬ @typescript-eslint/parser 8.24.1
  │ ├── ✕ unmet peer typescript@">=4.8.4 <5.8.0": found 5.9.3
  │ └─┬ @typescript-eslint/typescript-estree 8.24.1
  │   └── ✕ unmet peer typescript@">=4.8.4 <5.8.0": found 5.9.3
  └─┬ @typescript-eslint/eslint-plugin 8.24.1
    ├── ✕ unmet peer typescript@">=4.8.4 <5.8.0": found 5.9.3
    ├─┬ @typescript-eslint/utils 8.24.1
    │ └── ✕ unmet peer typescript@">=4.8.4 <5.8.0": found 5.9.3
    └─┬ @typescript-eslint/type-utils 8.24.1
      └── ✕ unmet peer typescript@">=4.8.4 <5.8.0": found 5.9.3

examples/nuxt-app
└─┬ nuxt 3.12.2
  └─┬ nitropack 2.9.6
    └─┬ @netlify/functions 2.7.0
      └─┬ @netlify/serverless-functions-api 1.18.1
        └─┬ @opentelemetry/otlp-transformer 0.50.0
          ├── ✕ unmet peer @opentelemetry/api@">=1.3.0 <1.9.0": found 1.9.0
          ├─┬ @opentelemetry/core 1.23.0
          │ └── ✕ unmet peer @opentelemetry/api@">=1.0.0 <1.9.0": found 1.9.0
          ├─┬ @opentelemetry/sdk-logs 0.50.0
          │ ├── ✕ unmet peer @opentelemetry/api@">=1.4.0 <1.9.0": found 1.9.0
          │ └─┬ @opentelemetry/resources 1.23.0
          │   └── ✕ unmet peer @opentelemetry/api@">=1.0.0 <1.9.0": found 1.9.0
          ├─┬ @opentelemetry/sdk-metrics 1.23.0
          │ └── ✕ unmet peer @opentelemetry/api@">=1.3.0 <1.9.0": found 1.9.0
          └─┬ @opentelemetry/sdk-trace-base 1.23.0
            └── ✕ unmet peer @opentelemetry/api@">=1.0.0 <1.9.0": found 1.9.0

packages/admin-sdk
└─┬ @typescript-eslint/eslint-plugin 5.62.0
  └── ✕ unmet peer @typescript-eslint/parser@^5.0.0: found 8.36.0

packages/component-library
├─┬ @storybook/blocks 8.6.12
│ └── ✕ unmet peer storybook@^8.6.12: found 10.1.10
├─┬ @storybook/manager-api 8.6.12
│ └── ✕ unmet peer storybook@"^8.2.0 || ^8.3.0-0 || ^8.4.0-0 || ^8.5.0-0 || ^8.6.0-0": found 10.1.10
├─┬ @storybook/preview-api 8.6.12
│ └── ✕ unmet peer storybook@"^8.2.0 || ^8.3.0-0 || ^8.4.0-0 || ^8.5.0-0 || ^8.6.0-0": found 10.1.10
├─┬ @storybook/test 8.6.12
│ ├── ✕ unmet peer storybook@^8.6.12: found 10.1.10
│ └─┬ @storybook/instrumenter 8.6.12
│   └── ✕ unmet peer storybook@^8.6.12: found 10.1.10
├─┬ @storybook/theming 8.6.12
│ └── ✕ unmet peer storybook@"^8.2.0 || ^8.3.0-0 || ^8.4.0-0 || ^8.5.0-0 || ^8.6.0-0": found 10.1.10
├─┬ @storybook/types 8.6.12
│ └── ✕ unmet peer storybook@"^8.2.0 || ^8.3.0-0 || ^8.4.0-0 || ^8.5.0-0 || ^8.6.0-0": found 10.1.10
├─┬ storybook-dark-mode 4.0.2
│ └─┬ @storybook/components 8.4.6
│   └── ✕ unmet peer storybook@"^8.2.0 || ^8.3.0-0 || ^8.4.0-0 || ^8.5.0-0 || ^8.6.0-0": found 10.1.10
├─┬ eslint-plugin-vitest 0.5.4
│ └─┬ @typescript-eslint/utils 7.13.1
│   └── ✕ unmet peer eslint@^8.56.0: found 9.21.0
├─┬ jest-image-snapshot 6.4.0
│ └── ✕ unmet peer jest@">=20 <=29": found 30.2.0
└─┬ @tiptap/extension-image 3.2.1
  └── ✕ unmet peer @tiptap/core@^3.2.1: found 2.22.3

packages/tokens
├─┬ eslint-plugin-vitest 0.5.4
│ └─┬ @typescript-eslint/utils 7.13.1
│   └── ✕ unmet peer eslint@^8.56.0: found 9.20.1
└─┬ typescript-eslint 8.24.1
  ├── ✕ unmet peer typescript@">=4.8.4 <5.8.0": found 5.9.3
  ├─┬ @typescript-eslint/parser 8.24.1
  │ └── ✕ unmet peer typescript@">=4.8.4 <5.8.0": found 5.9.3
  └─┬ @typescript-eslint/eslint-plugin 8.24.1
    ├── ✕ unmet peer typescript@">=4.8.4 <5.8.0": found 5.9.3
    ├─┬ @typescript-eslint/utils 8.24.1
    │ └── ✕ unmet peer typescript@">=4.8.4 <5.8.0": found 5.9.3
    └─┬ @typescript-eslint/type-utils 8.24.1
      └── ✕ unmet peer typescript@">=4.8.4 <5.8.0": found 5.9.3

[11:12:37.927] [INFO] install-dependencies-spinner: Installing dependencies...: WARN  Issues with peer de
[11:12:37.927] [INFO] Installing dependencies...: 

[11:12:37.927] [INFO] install-dependencies-spinner: Installing dependencies...: 
[11:12:38.084] [INFO] Installing dependencies...: ../..                                    | Progress: resolved 2721, reused 44, downloaded 0, added 0

[11:12:38.084] [INFO] install-dependencies-spinner: Installing dependencies...: ../..                    
[11:12:38.927] [INFO] Installing dependencies...: ../..                                    | +914 -565 ++++++++++++++++-----------

[11:12:38.927] [INFO] install-dependencies-spinner: Installing dependencies...: ../..                    
[11:12:39.084] [INFO] Installing dependencies...: ../..                                    | Progress: resolved 2721, reused 321, downloaded 0, added 0

[11:12:39.084] [INFO] install-dependencies-spinner: Installing dependencies...: ../..                    
[11:12:40.084] [INFO] Installing dependencies...: ../..                                    | Progress: resolved 2721, reused 339, downloaded 79, added 0

[11:12:40.084] [INFO] install-dependencies-spinner: Installing dependencies...: ../..                    
[11:12:41.085] [INFO] Installing dependencies...: ../..                                    | Progress: resolved 2721, reused 339, downloaded 80, added 89

[11:12:41.085] [INFO] install-dependencies-spinner: Installing dependencies...: ../..                    
[11:12:42.086] [INFO] Installing dependencies...: ../..                                    | Progress: resolved 2721, reused 339, downloaded 80, added 201

[11:12:42.086] [INFO] install-dependencies-spinner: Installing dependencies...: ../..                    
[11:12:43.085] [INFO] Installing dependencies...: ../..                                    | Progress: resolved 2721, reused 339, downloaded 81, added 333

[11:12:43.085] [INFO] install-dependencies-spinner: Installing dependencies...: ../..                    
[11:12:44.086] [INFO] Installing dependencies...: ../..                                    | Progress: resolved 2721, reused 339, downloaded 81, added 483

[11:12:44.086] [INFO] install-dependencies-spinner: Installing dependencies...: ../..                    
[11:12:45.086] [INFO] Installing dependencies...: ../..                                    | Progress: resolved 2721, reused 339, downloaded 81, added 606

[11:12:45.086] [INFO] install-dependencies-spinner: Installing dependencies...: ../..                    
[11:12:46.086] [INFO] Installing dependencies...: ../..                                    | Progress: resolved 2721, reused 339, downloaded 81, added 688

[11:12:46.086] [INFO] install-dependencies-spinner: Installing dependencies...: ../..                    
[11:12:47.087] [INFO] Installing dependencies...: ../..                                    | Progress: resolved 2721, reused 339, downloaded 81, added 700

[11:12:47.087] [INFO] install-dependencies-spinner: Installing dependencies...: ../..                    
[11:12:48.088] [INFO] Installing dependencies...: ../..                                    | Progress: resolved 2721, reused 339, downloaded 81, added 756

[11:12:48.088] [INFO] install-dependencies-spinner: Installing dependencies...: ../..                    
[11:12:49.090] [INFO] Installing dependencies...: ../..                                    | Progress: resolved 2721, reused 339, downloaded 81, added 827

[11:12:49.090] [INFO] install-dependencies-spinner: Installing dependencies...: ../..                    
[11:12:50.091] [INFO] Installing dependencies...: ../..                                    | Progress: resolved 2721, reused 339, downloaded 81, added 910

[11:12:50.091] [INFO] install-dependencies-spinner: Installing dependencies...: ../..                    
[11:12:50.596] [INFO] Installing dependencies...:  WARN  Failed to create bin at /Users/N.Haberkamp/Code/meteor/node_modules/.bin/svgo-autocrop. ENOENT: no such file or directory, chmod '/Users/N.Haberkamp/Code/meteor/node_modules/svgo-autocrop/bin/svgo'

[11:12:50.596] [INFO] install-dependencies-spinner: Installing dependencies...: WARN  Failed to create bi
[11:12:50.703] [INFO] Installing dependencies...: ../..                                    | Progress: resolved 2721, reused 339, downloaded 81, added 914, done

[11:12:50.703] [INFO] install-dependencies-spinner: Installing dependencies...: ../..                    
[11:12:50.906] [INFO] Installing dependencies...:  WARN  Failed to create bin at /Users/N.Haberkamp/Code/meteor/node_modules/.bin/svgo-autocrop. ENOENT: no such file or directory, chmod '/Users/N.Haberkamp/Code/meteor/node_modules/svgo-autocrop/bin/svgo'

[11:12:50.906] [INFO] install-dependencies-spinner: Installing dependencies...: WARN  Failed to create bi
[11:12:51.153] [INFO] Installing dependencies...:  WARN  Failed to create bin at /Users/N.Haberkamp/Code/meteor/node_modules/.bin/svgo-autocrop. ENOENT: no such file or directory, chmod '/Users/N.Haberkamp/Code/meteor/node_modules/svgo-autocrop/bin/svgo'

[11:12:51.153] [INFO] install-dependencies-spinner: Installing dependencies...: WARN  Failed to create bi
[11:12:51.173] [INFO] Installing dependencies...: ../../examples/nuxt-app postinstall$ nuxt prepare

[11:12:51.173] [INFO] install-dependencies-spinner: Installing dependencies...: ../../examples/nuxt-app p
[11:12:52.846] [INFO] Installing dependencies...: ../../examples/nuxt-app postinstall: ✔ Types generated in .nuxt

[11:12:52.846] [INFO] install-dependencies-spinner: Installing dependencies...: ../../examples/nuxt-app p
[11:12:52.860] [INFO] Installing dependencies...: ../../examples/nuxt-app postinstall: Done

[11:12:52.860] [INFO] install-dependencies-spinner: Installing dependencies...: ../../examples/nuxt-app p
[11:12:52.878] [INFO] Installing dependencies...: Done in 21.1s using pnpm v10.12.3

[11:12:52.878] [INFO] install-dependencies-spinner: Installing dependencies...: Done in 21.1s using pnpm 
[11:12:52.924] [INFO] Dependencies installed
[11:12:52.924] [INFO] install-dependencies-spinner-stop: Dependencies installed
[11:12:52.925] [WARN] Since you are in a monorepo, we advise you to deduplicate your dependencies. We can do this for you but it might take some time.
[11:14:21.854] [PROMPT] Execute pnpm run dedupe? {"choice":true}
[11:14:21.854] [INFO] Deduplicating dependencies...
[11:14:21.854] [INFO] Deduplicating dependencies...
[11:14:21.854] [DEBUG] Executing command: pnpm dedupe
[11:14:22.266] [INFO] ../../examples/admin-sdk-app             |  WARN  deprecated shopware-app-server-sdk@0.0.15
[11:14:22.266] [INFO] ../../examples/admin-sdk-app             |  WARN  deprecated shopware-app-server-sdk@0.0.15
[11:14:22.266] [INFO] ../..                                    | Progress: resolved 1, reused 0, downloaded 0, added 0
[11:14:22.266] [INFO] ../..                                    | Progress: resolved 1, reused 0, downloaded 0, added 0
[11:14:22.393] [INFO] ../admin-sdk                             |  WARN  deprecated eslint@8.57.0
[11:14:22.393] [INFO] ../admin-sdk                             |  WARN  deprecated eslint@8.57.0
[11:14:22.492] [INFO] ../admin-sdk                             |  WARN  deprecated vue@2.7.16
[11:14:22.492] [INFO] ../admin-sdk                             |  WARN  deprecated vue@2.7.16
[11:14:23.220] [INFO] ../icon-kit                              |  WARN  deprecated @types/axios@0.14.0
[11:14:23.220] [INFO] ../icon-kit                              |  WARN  deprecated @types/axios@0.14.0
[11:14:23.268] [INFO] ../..                                    | Progress: resolved 160, reused 0, downloaded 0, added 0
[11:14:23.268] [INFO] ../..                                    | Progress: resolved 160, reused 0, downloaded 0, added 0
[11:14:24.268] [INFO] ../..                                    | Progress: resolved 503, reused 0, downloaded 0, added 0
[11:14:24.268] [INFO] ../..                                    | Progress: resolved 503, reused 0, downloaded 0, added 0
[11:14:25.274] [INFO] ../..                                    | Progress: resolved 816, reused 0, downloaded 0, added 0
[11:14:25.274] [INFO] ../..                                    | Progress: resolved 816, reused 0, downloaded 0, added 0
[11:14:26.275] [INFO] ../..                                    | Progress: resolved 1164, reused 0, downloaded 0, added 0
[11:14:26.275] [INFO] ../..                                    | Progress: resolved 1164, reused 0, downloaded 0, added 0
[11:14:27.275] [INFO] ../..                                    | Progress: resolved 1512, reused 0, downloaded 0, added 0
[11:14:27.275] [INFO] ../..                                    | Progress: resolved 1512, reused 0, downloaded 0, added 0
[11:14:28.274] [INFO] ../..                                    | Progress: resolved 1850, reused 0, downloaded 0, added 0
[11:14:28.274] [INFO] ../..                                    | Progress: resolved 1850, reused 0, downloaded 0, added 0
[11:14:29.274] [INFO] ../..                                    | Progress: resolved 2235, reused 0, downloaded 0, added 0
[11:14:29.274] [INFO] ../..                                    | Progress: resolved 2235, reused 0, downloaded 0, added 0
[11:14:30.276] [INFO] ../..                                    | Progress: resolved 2436, reused 0, downloaded 0, added 0
[11:14:30.276] [INFO] ../..                                    | Progress: resolved 2436, reused 0, downloaded 0, added 0
[11:14:30.921] [INFO] WARN  20 deprecated subdependencies found: @humanwhocodes/config-array@0.11.14, @humanwhocodes/object-schema@2.0.3, abab@2.0.6, are-we-there-yet@2.0.0, domexception@2.0.1, expect-playwright@0.8.0, flatten@1.0.3, gauge@3.0.2, glob@7.2.3, glob@8.1.0, has-own@1.0.1, inflight@1.0.6, jest-process-manager@0.4.0, npmlog@5.0.1, phin@2.9.3, puppeteer@12.0.1, rimraf@2.7.1, rimraf@3.0.2, stable@0.1.8, w3c-hr-time@1.0.2
[11:14:30.921] [INFO] WARN  20 deprecated subdependencies found: @humanwhocodes/config-array@0.11.14, @humanwhocodes/object-schema@2.0.3, abab@2.0.6, are-we-there-yet@2.0.0, domexception@2.0.1, expect-playwright@0.8.0, flatten@1.0.3, gauge@3.0.2, glob@7.2.3, glob@8.1.0, has-own@1.0.1, inflight@1.0.6, jest-process-manager@0.4.0, npmlog@5.0.1, phin@2.9.3, puppeteer@12.0.1, rimraf@2.7.1, rimraf@3.0.2, stable@0.1.8, w3c-hr-time@1.0.2
[11:14:31.001] [INFO] WARN  Issues with peer dependencies found
examples/admin-sdk-plugin/tests/acceptance
└─┬ typescript-eslint 8.24.1
  ├── ✕ unmet peer typescript@">=4.8.4 <5.8.0": found 5.9.3
  ├─┬ @typescript-eslint/parser 8.24.1
  │ ├── ✕ unmet peer typescript@">=4.8.4 <5.8.0": found 5.9.3
  │ └─┬ @typescript-eslint/typescript-estree 8.24.1
  │   └── ✕ unmet peer typescript@">=4.8.4 <5.8.0": found 5.9.3
  └─┬ @typescript-eslint/eslint-plugin 8.24.1
    ├── ✕ unmet peer typescript@">=4.8.4 <5.8.0": found 5.9.3
    ├─┬ @typescript-eslint/utils 8.24.1
    │ └── ✕ unmet peer typescript@">=4.8.4 <5.8.0": found 5.9.3
    └─┬ @typescript-eslint/type-utils 8.24.1
      └── ✕ unmet peer typescript@">=4.8.4 <5.8.0": found 5.9.3

examples/nuxt-app
└─┬ nuxt 3.12.2
  └─┬ nitropack 2.9.6
    └─┬ @netlify/functions 2.7.0
      └─┬ @netlify/serverless-functions-api 1.18.1
        └─┬ @opentelemetry/otlp-transformer 0.50.0
          ├── ✕ unmet peer @opentelemetry/api@">=1.3.0 <1.9.0": found 1.9.0
          ├─┬ @opentelemetry/core 1.23.0
          │ └── ✕ unmet peer @opentelemetry/api@">=1.0.0 <1.9.0": found 1.9.0
          ├─┬ @opentelemetry/sdk-logs 0.50.0
          │ ├── ✕ unmet peer @opentelemetry/api@">=1.4.0 <1.9.0": found 1.9.0
          │ └─┬ @opentelemetry/resources 1.23.0
          │   └── ✕ unmet peer @opentelemetry/api@">=1.0.0 <1.9.0": found 1.9.0
          ├─┬ @opentelemetry/sdk-metrics 1.23.0
          │ └── ✕ unmet peer @opentelemetry/api@">=1.3.0 <1.9.0": found 1.9.0
          └─┬ @opentelemetry/sdk-trace-base 1.23.0
            └── ✕ unmet peer @opentelemetry/api@">=1.0.0 <1.9.0": found 1.9.0

packages/admin-sdk
└─┬ @typescript-eslint/eslint-plugin 5.62.0
  └── ✕ unmet peer @typescript-eslint/parser@^5.0.0: found 8.36.0

packages/component-library
├─┬ @vitest/ui 3.0.5
│ └── ✕ unmet peer vitest@3.0.5: found 3.0.9
├─┬ vitest 3.0.9
│ └── ✕ unmet peer @vitest/ui@3.0.9: found 3.0.5
├─┬ @storybook/blocks 8.6.12
│ └── ✕ unmet peer storybook@^8.6.12: found 10.1.10
├─┬ @storybook/manager-api 8.6.12
│ └── ✕ unmet peer storybook@"^8.2.0 || ^8.3.0-0 || ^8.4.0-0 || ^8.5.0-0 || ^8.6.0-0": found 10.1.10
├─┬ @storybook/preview-api 8.6.12
│ └── ✕ unmet peer storybook@"^8.2.0 || ^8.3.0-0 || ^8.4.0-0 || ^8.5.0-0 || ^8.6.0-0": found 10.1.10
├─┬ @storybook/test 8.6.12
│ ├── ✕ unmet peer storybook@^8.6.12: found 10.1.10
│ └─┬ @storybook/instrumenter 8.6.12
│   └── ✕ unmet peer storybook@^8.6.12: found 10.1.10
├─┬ @storybook/theming 8.6.12
│ └── ✕ unmet peer storybook@"^8.2.0 || ^8.3.0-0 || ^8.4.0-0 || ^8.5.0-0 || ^8.6.0-0": found 10.1.10
├─┬ @storybook/types 8.6.12
│ └── ✕ unmet peer storybook@"^8.2.0 || ^8.3.0-0 || ^8.4.0-0 || ^8.5.0-0 || ^8.6.0-0": found 10.1.10
├─┬ storybook-dark-mode 4.0.2
│ └─┬ @storybook/components 8.4.6
│   └── ✕ unmet peer storybook@"^8.2.0 || ^8.3.0-0 || ^8.4.0-0 || ^8.5.0-0 || ^8.6.0-0": found 10.1.10
├─┬ eslint-plugin-vitest 0.5.4
│ └─┬ @typescript-eslint/utils 7.13.1
│   └── ✕ unmet peer eslint@^8.56.0: found 9.21.0
├─┬ jest-image-snapshot 6.4.0
│ └── ✕ unmet peer jest@">=20 <=29": found 30.2.0
└─┬ @tiptap/extension-image 3.2.1
  └── ✕ unmet peer @tiptap/core@^3.2.1: found 2.22.3

packages/tokens
└─┬ eslint-plugin-vitest 0.5.4
  └─┬ @typescript-eslint/utils 7.13.1
    └── ✕ unmet peer eslint@^8.56.0: found 9.21.0
[11:14:31.001] [INFO] WARN  Issues with peer dependencies found
examples/admin-sdk-plugin/tests/acceptance
└─┬ typescript-eslint 8.24.1
  ├── ✕ unmet peer typescript@">=4.8.4 <5.8.0": found 5.9.3
  ├─┬ @typescript-eslint/parser 8.24.1
  │ ├── ✕ unmet peer typescript@">=4.8.4 <5.8.0": found 5.9.3
  │ └─┬ @typescript-eslint/typescript-estree 8.24.1
  │   └── ✕ unmet peer typescript@">=4.8.4 <5.8.0": found 5.9.3
  └─┬ @typescript-eslint/eslint-plugin 8.24.1
    ├── ✕ unmet peer typescript@">=4.8.4 <5.8.0": found 5.9.3
    ├─┬ @typescript-eslint/utils 8.24.1
    │ └── ✕ unmet peer typescript@">=4.8.4 <5.8.0": found 5.9.3
    └─┬ @typescript-eslint/type-utils 8.24.1
      └── ✕ unmet peer typescript@">=4.8.4 <5.8.0": found 5.9.3

examples/nuxt-app
└─┬ nuxt 3.12.2
  └─┬ nitropack 2.9.6
    └─┬ @netlify/functions 2.7.0
      └─┬ @netlify/serverless-functions-api 1.18.1
        └─┬ @opentelemetry/otlp-transformer 0.50.0
          ├── ✕ unmet peer @opentelemetry/api@">=1.3.0 <1.9.0": found 1.9.0
          ├─┬ @opentelemetry/core 1.23.0
          │ └── ✕ unmet peer @opentelemetry/api@">=1.0.0 <1.9.0": found 1.9.0
          ├─┬ @opentelemetry/sdk-logs 0.50.0
          │ ├── ✕ unmet peer @opentelemetry/api@">=1.4.0 <1.9.0": found 1.9.0
          │ └─┬ @opentelemetry/resources 1.23.0
          │   └── ✕ unmet peer @opentelemetry/api@">=1.0.0 <1.9.0": found 1.9.0
          ├─┬ @opentelemetry/sdk-metrics 1.23.0
          │ └── ✕ unmet peer @opentelemetry/api@">=1.3.0 <1.9.0": found 1.9.0
          └─┬ @opentelemetry/sdk-trace-base 1.23.0
            └── ✕ unmet peer @opentelemetry/api@">=1.0.0 <1.9.0": found 1.9.0

packages/admin-sdk
└─┬ @typescript-eslint/eslint-plugin 5.62.0
  └── ✕ unmet peer @typescript-eslint/parser@^5.0.0: found 8.36.0

packages/component-library
├─┬ @vitest/ui 3.0.5
│ └── ✕ unmet peer vitest@3.0.5: found 3.0.9
├─┬ vitest 3.0.9
│ └── ✕ unmet peer @vitest/ui@3.0.9: found 3.0.5
├─┬ @storybook/blocks 8.6.12
│ └── ✕ unmet peer storybook@^8.6.12: found 10.1.10
├─┬ @storybook/manager-api 8.6.12
│ └── ✕ unmet peer storybook@"^8.2.0 || ^8.3.0-0 || ^8.4.0-0 || ^8.5.0-0 || ^8.6.0-0": found 10.1.10
├─┬ @storybook/preview-api 8.6.12
│ └── ✕ unmet peer storybook@"^8.2.0 || ^8.3.0-0 || ^8.4.0-0 || ^8.5.0-0 || ^8.6.0-0": found 10.1.10
├─┬ @storybook/test 8.6.12
│ ├── ✕ unmet peer storybook@^8.6.12: found 10.1.10
│ └─┬ @storybook/instrumenter 8.6.12
│   └── ✕ unmet peer storybook@^8.6.12: found 10.1.10
├─┬ @storybook/theming 8.6.12
│ └── ✕ unmet peer storybook@"^8.2.0 || ^8.3.0-0 || ^8.4.0-0 || ^8.5.0-0 || ^8.6.0-0": found 10.1.10
├─┬ @storybook/types 8.6.12
│ └── ✕ unmet peer storybook@"^8.2.0 || ^8.3.0-0 || ^8.4.0-0 || ^8.5.0-0 || ^8.6.0-0": found 10.1.10
├─┬ storybook-dark-mode 4.0.2
│ └─┬ @storybook/components 8.4.6
│   └── ✕ unmet peer storybook@"^8.2.0 || ^8.3.0-0 || ^8.4.0-0 || ^8.5.0-0 || ^8.6.0-0": found 10.1.10
├─┬ eslint-plugin-vitest 0.5.4
│ └─┬ @typescript-eslint/utils 7.13.1
│   └── ✕ unmet peer eslint@^8.56.0: found 9.21.0
├─┬ jest-image-snapshot 6.4.0
│ └── ✕ unmet peer jest@">=20 <=29": found 30.2.0
└─┬ @tiptap/extension-image 3.2.1
  └── ✕ unmet peer @tiptap/core@^3.2.1: found 2.22.3

packages/tokens
└─┬ eslint-plugin-vitest 0.5.4
  └─┬ @typescript-eslint/utils 7.13.1
    └── ✕ unmet peer eslint@^8.56.0: found 9.21.0
[11:14:31.003] [INFO] 
[11:14:31.003] [INFO] 
[11:14:31.463] [INFO] ../..                                    | Progress: resolved 2501, reused 117, downloaded 0, added 0
[11:14:31.463] [INFO] ../..                                    | Progress: resolved 2501, reused 117, downloaded 0, added 0
[11:14:32.059] [INFO] ../..                                    | +277    -1208 ++++-------------------
[11:14:32.059] [INFO] ../..                                    | +277    -1208 ++++-------------------
[11:14:32.462] [INFO] ../..                                    | Progress: resolved 2501, reused 404, downloaded 18, added 0
[11:14:32.462] [INFO] ../..                                    | Progress: resolved 2501, reused 404, downloaded 18, added 0
[11:14:36.220] [INFO] ../..                                    | Progress: resolved 2501, reused 404, downloaded 18, added 1
[11:14:36.220] [INFO] ../..                                    | Progress: resolved 2501, reused 404, downloaded 18, added 1
[11:14:37.221] [INFO] ../..                                    | Progress: resolved 2501, reused 404, downloaded 18, added 146
[11:14:37.221] [INFO] ../..                                    | Progress: resolved 2501, reused 404, downloaded 18, added 146
[11:14:38.220] [INFO] ../..                                    | Progress: resolved 2501, reused 404, downloaded 18, added 277
[11:14:38.220] [INFO] ../..                                    | Progress: resolved 2501, reused 404, downloaded 18, added 277
[11:14:38.480] [INFO] WARN  Failed to create bin at /Users/N.Haberkamp/Code/meteor/node_modules/.bin/svgo-autocrop. ENOENT: no such file or directory, chmod '/Users/N.Haberkamp/Code/meteor/node_modules/svgo-autocrop/bin/svgo'
[11:14:38.480] [INFO] WARN  Failed to create bin at /Users/N.Haberkamp/Code/meteor/node_modules/.bin/svgo-autocrop. ENOENT: no such file or directory, chmod '/Users/N.Haberkamp/Code/meteor/node_modules/svgo-autocrop/bin/svgo'
[11:14:38.503] [INFO] ../..                                    | Progress: resolved 2501, reused 404, downloaded 18, added 277, done
[11:14:38.503] [INFO] ../..                                    | Progress: resolved 2501, reused 404, downloaded 18, added 277, done
[11:14:38.671] [INFO] WARN  Failed to create bin at /Users/N.Haberkamp/Code/meteor/node_modules/.bin/svgo-autocrop. ENOENT: no such file or directory, chmod '/Users/N.Haberkamp/Code/meteor/node_modules/svgo-autocrop/bin/svgo'
[11:14:38.671] [INFO] WARN  Failed to create bin at /Users/N.Haberkamp/Code/meteor/node_modules/.bin/svgo-autocrop. ENOENT: no such file or directory, chmod '/Users/N.Haberkamp/Code/meteor/node_modules/svgo-autocrop/bin/svgo'
[11:14:38.958] [INFO] WARN  Failed to create bin at /Users/N.Haberkamp/Code/meteor/node_modules/.bin/svgo-autocrop. ENOENT: no such file or directory, chmod '/Users/N.Haberkamp/Code/meteor/node_modules/svgo-autocrop/bin/svgo'
[11:14:38.958] [INFO] WARN  Failed to create bin at /Users/N.Haberkamp/Code/meteor/node_modules/.bin/svgo-autocrop. ENOENT: no such file or directory, chmod '/Users/N.Haberkamp/Code/meteor/node_modules/svgo-autocrop/bin/svgo'
[11:14:38.972] [INFO] ../../examples/nuxt-app postinstall$ nuxt prepare
[11:14:38.972] [INFO] ../../examples/nuxt-app postinstall$ nuxt prepare
[11:14:40.909] [INFO] ../../examples/nuxt-app postinstall: ✔ Types generated in .nuxt
[11:14:40.909] [INFO] ../../examples/nuxt-app postinstall: ✔ Types generated in .nuxt
[11:14:40.914] [INFO] ../../examples/nuxt-app postinstall: Done
[11:14:40.914] [INFO] ../../examples/nuxt-app postinstall: Done
[11:14:40.964] [INFO] Dependencies deduplicated
[11:14:40.964] [INFO] [32mDependencies deduplicated[39m
[11:14:40.964] [INFO] Checking the health of your project(s)..
[11:14:40.965] [DEBUG] Using cached package.json for /Users/N.Haberkamp/Code/meteor/packages/component-library/package.json...
[11:14:40.965] [DEBUG] Using cached package.json for /Users/N.Haberkamp/Code/meteor/package.json...
[11:14:40.967] [DEBUG] Executing command: pnpm list "@storybook/*" "storybook" --json --depth=99
[11:14:41.135] [WARN] /packages/component-library/.storybook: 1 issue found
[11:14:41.136] [INFO] You are currently using Storybook [1m10.1.10[22m but you have packages which are incompatible with it:

- @storybook/blocks@8.6.12 which depends on ^8.6.12
 Repo: https://github.com/storybookjs/storybook/tree/next/code/lib/blocks
- @storybook/manager-api@8.6.12 which depends on ^8.2.0 || ^8.3.0-0 || ^8.4.0-0 || ^8.5.0-0 || ^8.6.0-0
 Repo: https://github.com/storybookjs/storybook/tree/next/code/lib/manager-api
- @storybook/preview-api@8.6.12 which depends on ^8.2.0 || ^8.3.0-0 || ^8.4.0-0 || ^8.5.0-0 || ^8.6.0-0
 Repo: https://github.com/storybookjs/storybook/tree/next/code/lib/preview-api
- @storybook/test@8.6.12 which depends on 8.6.12
 Repo: https://github.com/storybookjs/storybook/tree/next/code/lib/test
- @storybook/theming@8.6.12 which depends on ^8.2.0 || ^8.3.0-0 || ^8.4.0-0 || ^8.5.0-0 || ^8.6.0-0
 Repo: https://github.com/storybookjs/storybook/tree/next/code/lib/theming
- @storybook/types@8.6.12 which depends on ^8.2.0 || ^8.3.0-0 || ^8.4.0-0 || ^8.5.0-0 || ^8.6.0-0
 Repo: https://github.com/storybookjs/storybook/tree/next/code/lib/types
- storybook-dark-mode@4.0.2 which depends on ^8.0.0

Please consider updating your packages or contacting the maintainers for compatibility details.

For more details on compatibility guidance, see:
https://github.com/storybookjs/storybook/issues/32836
[11:14:41.136] [INFO] Storybook doctor is complete!
[11:14:41.136] [INFO] You can always recheck the health of your project(s) by running:
[36mnpx storybook doctor[39m
[11:14:41.136] [INFO] [33mYour project(s) have been upgraded successfully, but some issues were found which need your attention, please check Storybook doctor logs above.[39m
[11:14:41.136] [INFO] If you want to learn more about the automigrations that executed in your project(s), please check the following links:
• ]8;;https://github.com/storybookjs/storybook/blob/next/MIGRATION.md#viewportbackgrounds-addon-synchronized-configuration-and-globals-usageaddon-globals-api]8;;
• ]8;;https://github.com/storybookjs/storybook/blob/next/MIGRATION.md#dropped-support-for-legacy-packagesconsolidated-imports]8;;
• ]8;;https://github.com/storybookjs/storybook/blob/next/MIGRATION.md#essentials-addon-viewport-controls-interactions-and-actions-moved-to-coreremove-addon-interactions]8;;
• ]8;;https://github.com/storybookjs/storybook/blob/next/MIGRATION.md#moving-from-renderer-based-to-framework-based-configurationrenderer-to-framework]8;;
• ]8;;https://github.com/storybookjs/storybook/blob/next/MIGRATION.md#essentials-addon-viewport-controls-interactions-and-actions-moved-to-coreremove-essential-addons]8;;
• ]8;;https://storybook.js.org/docs/faq#how-do-i-fix-module-resolution-in-special-environmentswrap-getAbsolutePath]8;;
• ]8;;https://storybook.js.org/docs/faq#how-do-i-fix-module-resolution-in-special-environmentsfix-faux-esm-require]8;;
[11:14:41.137] [INFO] For a full list of changes, please check our migration guide: [36mhttps://storybook.js.org/docs/releases/migration-guide?ref=upgrade[39m
[11:14:42.019] [INFO] Storybook upgrade completed!